[debug] [2025-09-17T05:29:54.528Z] ----------------------------------------------------------------------
[debug] [2025-09-17T05:29:54.529Z] Command:       /Users/user/.nvm/versions/node/v18.20.7/bin/node /Users/user/.nvm/versions/node/v18.20.7/bin/firebase init
[debug] [2025-09-17T05:29:54.529Z] CLI Version:   13.35.1
[debug] [2025-09-17T05:29:54.529Z] Platform:      darwin
[debug] [2025-09-17T05:29:54.529Z] Node Version:  v18.20.7
[debug] [2025-09-17T05:29:54.530Z] Time:          Wed Sep 17 2025 10:59:54 GMT+0530 (India Standard Time)
[debug] [2025-09-17T05:29:54.530Z] ----------------------------------------------------------------------
[debug] 
[debug] [2025-09-17T05:29:54.532Z] >>> [apiv2][query] GET https://firebase-public.firebaseio.com/cli.json [none]
[debug] [2025-09-17T05:29:54.550Z] > command requires scopes: ["email","openid","https://www.googleapis.com/auth/cloudplatformprojects.readonly","https://www.googleapis.com/auth/firebase","https://www.googleapis.com/auth/cloud-platform"]
[debug] [2025-09-17T05:29:54.550Z] > authorizing via signed-in user (prasadj@itm.edu)
[info] 
     ######## #### ########  ######## ########     ###     ######  ########
     ##        ##  ##     ## ##       ##     ##  ##   ##  ##       ##
     ######    ##  ########  ######   ########  #########  ######  ######
     ##        ##  ##    ##  ##       ##     ## ##     ##       ## ##
     ##       #### ##     ## ######## ########  ##     ##  ######  ########

You're about to initialize a Firebase project in this directory:

  /Users/user/Desktop/dev-stuff/nosql-stuff/functions

[debug] [2025-09-17T05:29:55.220Z] <<< [apiv2][status] GET https://firebase-public.firebaseio.com/cli.json 200
[debug] [2025-09-17T05:29:55.221Z] <<< [apiv2][body] GET https://firebase-public.firebaseio.com/cli.json {"cloudBuildErrorAfter":1594252800000,"cloudBuildWarnAfter":1590019200000,"defaultNode10After":1594252800000,"minVersion":"3.0.5","node8DeploysDisabledAfter":1613390400000,"node8RuntimeDisabledAfter":1615809600000,"node8WarnAfter":1600128000000}
[info] 
=== Project Setup
[info] 
[info] First, let's associate this project directory with a Firebase project.
[info] You can create multiple project aliases by running firebase use --add, 
[info] but for now we'll just set up a default project.
[info] 
[debug] [2025-09-17T05:29:59.260Z] Checked if tokens are valid: false, expires at: 1757070777412
[debug] [2025-09-17T05:29:59.261Z] Checked if tokens are valid: false, expires at: 1757070777412
[debug] [2025-09-17T05:29:59.261Z] > refreshing access token with scopes: []
[debug] [2025-09-17T05:29:59.263Z] >>> [apiv2][query] POST https://www.googleapis.com/oauth2/v3/token [none]
[debug] [2025-09-17T05:29:59.263Z] >>> [apiv2][body] POST https://www.googleapis.com/oauth2/v3/token [omitted]
[debug] [2025-09-17T05:29:59.419Z] <<< [apiv2][status] POST https://www.googleapis.com/oauth2/v3/token 200
[debug] [2025-09-17T05:29:59.419Z] <<< [apiv2][body] POST https://www.googleapis.com/oauth2/v3/token [omitted]
[debug] [2025-09-17T05:29:59.434Z] >>> [apiv2][query] GET https://firebase.googleapis.com/v1beta1/projects pageSize=100
[debug] [2025-09-17T05:30:00.070Z] <<< [apiv2][status] GET https://firebase.googleapis.com/v1beta1/projects 200
[debug] [2025-09-17T05:30:00.070Z] <<< [apiv2][body] GET https://firebase.googleapis.com/v1beta1/projects [omitted]
[info] i  Using project my-project-9714d (my-project) 
[info] 
=== Functions Setup
[debug] [2025-09-17T05:30:02.935Z] > command requires scopes: ["email","openid","https://www.googleapis.com/auth/cloudplatformprojects.readonly","https://www.googleapis.com/auth/firebase","https://www.googleapis.com/auth/cloud-platform"]
[debug] [2025-09-17T05:30:02.935Z] > authorizing via signed-in user (prasadj@itm.edu)
[debug] [2025-09-17T05:30:02.935Z] [iam] checking project my-project-9714d for permissions ["firebase.projects.get"]
[debug] [2025-09-17T05:30:02.936Z] Checked if tokens are valid: true, expires at: 1758090598419
[debug] [2025-09-17T05:30:02.936Z] Checked if tokens are valid: true, expires at: 1758090598419
[debug] [2025-09-17T05:30:02.936Z] >>> [apiv2][query] POST https://cloudresourcemanager.googleapis.com/v1/projects/my-project-9714d:testIamPermissions [none]
[debug] [2025-09-17T05:30:02.936Z] >>> [apiv2][(partial)header] POST https://cloudresourcemanager.googleapis.com/v1/projects/my-project-9714d:testIamPermissions x-goog-quota-user=projects/my-project-9714d
[debug] [2025-09-17T05:30:02.936Z] >>> [apiv2][body] POST https://cloudresourcemanager.googleapis.com/v1/projects/my-project-9714d:testIamPermissions {"permissions":["firebase.projects.get"]}
[debug] [2025-09-17T05:30:04.531Z] <<< [apiv2][status] POST https://cloudresourcemanager.googleapis.com/v1/projects/my-project-9714d:testIamPermissions 200
[debug] [2025-09-17T05:30:04.531Z] <<< [apiv2][body] POST https://cloudresourcemanager.googleapis.com/v1/projects/my-project-9714d:testIamPermissions {"permissions":["firebase.projects.get"]}
[debug] [2025-09-17T05:30:04.532Z] Checked if tokens are valid: true, expires at: 1758090598419
[debug] [2025-09-17T05:30:04.532Z] Checked if tokens are valid: true, expires at: 1758090598419
[debug] [2025-09-17T05:30:04.532Z] Checked if tokens are valid: true, expires at: 1758090598419
[debug] [2025-09-17T05:30:04.532Z] Checked if tokens are valid: true, expires at: 1758090598419
[debug] [2025-09-17T05:30:04.532Z] >>> [apiv2][query] GET https://serviceusage.googleapis.com/v1/projects/my-project-9714d/services/cloudfunctions.googleapis.com [none]
[debug] [2025-09-17T05:30:04.532Z] >>> [apiv2][(partial)header] GET https://serviceusage.googleapis.com/v1/projects/my-project-9714d/services/cloudfunctions.googleapis.com x-goog-quota-user=projects/my-project-9714d
[debug] [2025-09-17T05:30:04.534Z] >>> [apiv2][query] GET https://serviceusage.googleapis.com/v1/projects/my-project-9714d/services/runtimeconfig.googleapis.com [none]
[debug] [2025-09-17T05:30:04.534Z] >>> [apiv2][(partial)header] GET https://serviceusage.googleapis.com/v1/projects/my-project-9714d/services/runtimeconfig.googleapis.com x-goog-quota-user=projects/my-project-9714d
[debug] [2025-09-17T05:30:06.382Z] <<< [apiv2][status] GET https://serviceusage.googleapis.com/v1/projects/my-project-9714d/services/runtimeconfig.googleapis.com 200
[debug] [2025-09-17T05:30:06.382Z] <<< [apiv2][body] GET https://serviceusage.googleapis.com/v1/projects/my-project-9714d/services/runtimeconfig.googleapis.com [omitted]
[debug] [2025-09-17T05:30:06.384Z] <<< [apiv2][status] GET https://serviceusage.googleapis.com/v1/projects/my-project-9714d/services/cloudfunctions.googleapis.com 200
[debug] [2025-09-17T05:30:06.384Z] <<< [apiv2][body] GET https://serviceusage.googleapis.com/v1/projects/my-project-9714d/services/cloudfunctions.googleapis.com [omitted]
[debug] [2025-09-17T05:30:06.385Z] Checked if tokens are valid: true, expires at: 1758090598419
[debug] [2025-09-17T05:30:06.385Z] Checked if tokens are valid: true, expires at: 1758090598419
[debug] [2025-09-17T05:30:06.385Z] >>> [apiv2][query] POST https://serviceusage.googleapis.com/v1/projects/my-project-9714d/services/cloudfunctions.googleapis.com:enable [none]
[debug] [2025-09-17T05:30:06.385Z] >>> [apiv2][(partial)header] POST https://serviceusage.googleapis.com/v1/projects/my-project-9714d/services/cloudfunctions.googleapis.com:enable x-goog-quota-user=projects/my-project-9714d
[debug] [2025-09-17T05:30:08.528Z] <<< [apiv2][status] POST https://serviceusage.googleapis.com/v1/projects/my-project-9714d/services/cloudfunctions.googleapis.com:enable 200
[debug] [2025-09-17T05:30:08.528Z] <<< [apiv2][body] POST https://serviceusage.googleapis.com/v1/projects/my-project-9714d/services/cloudfunctions.googleapis.com:enable [omitted]
[debug] [2025-09-17T05:30:18.530Z] Checked if tokens are valid: true, expires at: 1758090598419
[debug] [2025-09-17T05:30:18.531Z] Checked if tokens are valid: true, expires at: 1758090598419
[debug] [2025-09-17T05:30:18.531Z] >>> [apiv2][query] GET https://serviceusage.googleapis.com/v1/projects/my-project-9714d/services/cloudfunctions.googleapis.com [none]
[debug] [2025-09-17T05:30:18.531Z] >>> [apiv2][(partial)header] GET https://serviceusage.googleapis.com/v1/projects/my-project-9714d/services/cloudfunctions.googleapis.com x-goog-quota-user=projects/my-project-9714d
[debug] [2025-09-17T05:30:20.426Z] <<< [apiv2][status] GET https://serviceusage.googleapis.com/v1/projects/my-project-9714d/services/cloudfunctions.googleapis.com 200
[debug] [2025-09-17T05:30:20.426Z] <<< [apiv2][body] GET https://serviceusage.googleapis.com/v1/projects/my-project-9714d/services/cloudfunctions.googleapis.com [omitted]
[info] Let's create a new codebase for your functions.
[info] A directory corresponding to the codebase will be created in your project
[info] with sample code pre-configured.

[info] See https://firebase.google.com/docs/functions/organize-functions for
[info] more information on organizing your functions using codebases.

[info] Functions can be deployed with firebase deploy.

[info] ✔  Wrote functions/package.json 
[info] ✔  Wrote functions/index.js 
[info] ✔  Wrote functions/.gitignore 
[debug] [2025-09-17T05:36:28.327Z] Error: spawn npm ENOENT
    at ChildProcess._handle.onexit (node:internal/child_process:284:19)
    at onErrorNT (node:internal/child_process:477:16)
    at process.processTicksAndRejections (node:internal/process/task_queues:82:21)
[info] 
[error] NPM install failed, continuing with Firebase initialization...
[info] 
[info] i  Writing configuration info to firebase.json... 
[info] i  Writing project information to .firebaserc... 
[info] i  Writing gitignore file to .gitignore... 
[info] 
[info] ✔  Firebase initialization complete! 
